<?xml version="1.0" encoding="UTF-8"?>
<!-- Generated by org.testng.reporters.JUnitReportReporter -->
<testsuite name="com.seleniumFramework.loginPage.LoginTest" tests="1" time="23.389" ignored="0" failures="0" timestamp="31 Oct 2019 06:35:23 GMT" skipped="0" hostname="Home-PC" errors="0">
  <testcase name="testLoginToApplication" time="23.389" classname="com.seleniumFramework.loginPage.LoginTest"/>
</testsuite> <!-- com.seleniumFramework.loginPage.LoginTest -->
