<?xml version="1.0" encoding="UTF-8"?>
<!-- Generated by org.testng.reporters.JUnitReportReporter -->
<testsuite name="com.seleniumFramework.registration.Registration" tests="1" time="32.579" ignored="0" failures="0" timestamp="12 Oct 2019 22:43:37 GMT" skipped="0" hostname="Home-PC" errors="0">
  <testcase name="testLoginToApplication" time="32.579" classname="com.seleniumFramework.registration.Registration"/>
</testsuite> <!-- com.seleniumFramework.registration.Registration -->
